<?xml version="1.0" encoding="UTF-8"?>
<!-- Generated by org.testng.reporters.JUnitReportReporter -->
<testsuite hostname="Debayan_Laptop" failures="0" tests="1" name="Automation.POM.Test.TC01_Launch_Application_Test" time="38.229" errors="0" timestamp="2023-04-01T14:42:15 IST" skipped="0">
  <testcase classname="Automation.POM.Test.TC01_Launch_Application_Test" name="Launch_Application" time="38.229"/>
  <system-out/>
</testsuite> <!-- Automation.POM.Test.TC01_Launch_Application_Test -->
